[11/2/2013 8:41:57] /goto pizza sadia
[11/2/2013 8:45:18] /save
[11/2/2013 18:8:20] /i 5801
[11/2/2013 18:8:37] /i 2152
[11/2/2013 18:16:44] /goto Lacharter Ignell
[11/2/2013 18:16:52] /goto Larcharter Ignell
[11/2/2013 18:16:59] /a 2
[11/2/2013 18:17:5] /a 1
[11/2/2013 18:17:6] /up
[11/2/2013 18:17:13] /c Larcharter Ignell
[11/2/2013 18:17:23] /a 2
[11/2/2013 18:17:38] /i 1285
[11/2/2013 18:17:42] /t
[11/2/2013 18:22:1] /i mushroom backpack
[11/2/2013 18:27:44] /goto gandalf
[13/2/2013 15:30:22] /save
[13/2/2013 15:30:24] /reload spells
[13/2/2013 15:30:33] /down
[14/2/2013 1:30:10] /goto nemesis
[14/2/2013 1:30:30] /a 5
[14/2/2013 1:30:34] /up
[14/2/2013 1:30:39] /a 1
[14/2/2013 1:31:2] /i 2767
[14/2/2013 1:31:3] /i 2767
[14/2/2013 1:31:4] /i 2767
[14/2/2013 1:31:5] /i 2767
[14/2/2013 1:31:6] /i 2767
[14/2/2013 1:31:7] /i 2767
[14/2/2013 1:31:8] /i 2767
[14/2/2013 1:31:9] /i 2767
[14/2/2013 1:31:12] /i 2767
[14/2/2013 1:31:13] /i 2767
[14/2/2013 1:31:14] /i 2767
[14/2/2013 1:31:15] /i 2767
[14/2/2013 1:31:16] /i 2767
[14/2/2013 1:31:26] /r
[14/2/2013 1:31:28] /r
[14/2/2013 1:31:29] /r
[14/2/2013 1:31:30] /r
[14/2/2013 1:31:32] /r
[14/2/2013 1:31:35] /r
[14/2/2013 1:31:36] /r
[14/2/2013 1:31:37] /r
[14/2/2013 1:31:38] /r
[14/2/2013 1:31:39] /i 2767
[14/2/2013 1:31:41] /r
[14/2/2013 1:31:42] /r
[14/2/2013 1:31:43] /r
[14/2/2013 1:31:45] /r
[14/2/2013 1:31:46] /r
[14/2/2013 1:31:57] /i 2767
[14/2/2013 1:31:57] /i 2767
[14/2/2013 1:32:0] /c kinder
[14/2/2013 1:32:18] /r
[14/2/2013 1:32:48] /a 2
[14/2/2013 1:32:54] /goto kinder
[14/2/2013 1:33:14] /t
[14/2/2013 1:33:17] /c kinder
[14/2/2013 4:29:38] /goto kinder
[14/2/2013 4:30:19] /goto kinder
[14/2/2013 4:30:46] /i uka uka mask
[14/2/2013 7:24:52] /goto pizza sadia
[14/2/2013 7:25:0] /c pizza sadia
[14/2/2013 7:25:3] /up
[14/2/2013 7:25:5] /c pizza sadia
[14/2/2013 7:25:16] /a 2
[14/2/2013 7:25:31] /r
[14/2/2013 7:25:45] /r
[16/2/2013 23:23:49] /goto fonzie
[16/2/2013 23:23:59] /save
[16/2/2013 23:24:41] /a 2
[16/2/2013 23:24:46] /a 2
[18/2/2013 3:0:44] /t
[18/2/2013 3:1:25] /i sword
[18/2/2013 3:1:29] /i crossbow
[24/2/2013 23:45:43] /t
[24/2/2013 23:46:15] /goto nemesis
[24/2/2013 23:46:21] /goto healthy zombie
[24/2/2013 23:46:29] /goto health zombie
[24/2/2013 23:46:36] /goto grave digger
[24/2/2013 23:46:42] /goto the wor min
[24/2/2013 23:49:30] /i 2160
[25/2/2013 0:13:27] /t
[25/2/2013 0:22:58] /ghost
[25/2/2013 0:23:4] /goto sorc cris
[25/2/2013 0:23:17] /ghost
[25/2/2013 0:23:37] /a 2
[25/2/2013 0:23:48] /i wand of vortex
[2/3/2013 6:23:18] /ghost
[2/3/2013 6:23:24] /goto sputnik
