[30/1/2013 20:42:13] /a 1
[30/1/2013 20:42:22] /a 3
[30/1/2013 20:46:12] /goto Lord azzi
[30/1/2013 20:52:55] /goto lord azzi
[30/1/2013 20:52:58] /goto lord azzi
[30/1/2013 20:53:1] /goto lord azzi
[30/1/2013 20:53:6] /goto lord azzi
[30/1/2013 20:53:10] /goto lord azzi
[30/1/2013 20:53:13] /goto lord azzi
[30/1/2013 20:53:16] /goto lord azzi
[30/1/2013 20:53:19] /goto lord azzi
[30/1/2013 20:53:23] /goto lord azzi
[30/1/2013 20:53:45] /goto lord azzi
[30/1/2013 20:53:49] /goto lord azzi
[30/1/2013 20:54:3] /goto lord azzi
[30/1/2013 20:54:35] /goto lord azzi
[30/1/2013 20:54:44] /goto lord azzi
[30/1/2013 20:54:46] /goto lord azzi
[30/1/2013 20:55:40] /goto lord azzi
[30/1/2013 20:57:37] /goto lord azzi
[30/1/2013 20:57:46] /goto lord azzi
[30/1/2013 20:57:49] /goto lord azzi
[30/1/2013 20:57:53] /goto lord azzi
[30/1/2013 20:57:56] /goto lord azzi
[30/1/2013 20:57:59] /goto lord azzi
[30/1/2013 20:58:1] /goto lord azzi
[30/1/2013 20:58:6] /goto lord azzi
[30/1/2013 20:58:9] /goto lord azzi
[30/1/2013 20:58:12] /goto lord azzi
[30/1/2013 21:7:50] /goto lord azzi
[30/1/2013 21:9:28] /goto lord azzi
[30/1/2013 21:9:48] /goto el lutchador
[30/1/2013 21:12:5] /a 4
[30/1/2013 21:13:11] /c
[30/1/2013 21:13:32] /t
[30/1/2013 21:13:36] /c El Lutchador
[30/1/2013 21:15:59] /goto el lutchador
[30/1/2013 21:16:6] /goto el lutchador
[30/1/2013 21:41:37] /goto lord azzi
[30/1/2013 21:42:49] /ghost
[30/1/2013 21:42:57] /goto whiskey
[30/1/2013 21:43:54] /t
[30/1/2013 21:44:16] /goto lord azzi
[30/1/2013 21:44:40] /goto lord azzi
[30/1/2013 21:45:11] /ghost
[30/1/2013 21:49:25] /ghost
[30/1/2013 21:49:49] /a 5
[30/1/2013 21:49:56] /a 4
[30/1/2013 21:50:22] /goto lord azzi
[30/1/2013 21:50:51] /r
[30/1/2013 21:51:17] /ghost
[30/1/2013 21:58:12] /ghost
[30/1/2013 21:58:18] /goto lord azzi
[30/1/2013 21:58:23] /goto lord azzi
[30/1/2013 21:58:24] /goto lord azzi
[30/1/2013 21:58:55] /goto lord azzi
[30/1/2013 21:59:7] /goto whiskey
[30/1/2013 21:59:43] /goto lord azzi
[30/1/2013 22:1:8] /ghost
[30/1/2013 22:6:57] /goto lord azzi
[30/1/2013 22:7:2] /ghost
[30/1/2013 22:7:55] /goto whiskey
[30/1/2013 22:8:18] /ghost
[30/1/2013 22:8:55] /goto lord azzi
[30/1/2013 22:13:4] /a 1
[30/1/2013 22:13:8] /a 1
[30/1/2013 22:13:11] /a
