[26/1/2013 20:37:12] Supreme Master Wind: adm achei 1 bug
[26/1/2013 20:38:27] Supreme Master Wind: adm achei 1 bug
[26/1/2013 20:38:41] Supreme Master Wind: adm achei 1 bug
[26/1/2013 20:40:38] Supreme Master Wind: adm achei 1 bug
[26/1/2013 20:40:39] Supreme Master Wind: adm achei 1 bug
[27/1/2013 4:0:19] Flee Sullivan: alguem?
[27/1/2013 4:10:6] Flee Sullivan: hi
[27/1/2013 4:10:7] Flee Sullivan: trade
[27/1/2013 14:50:50] Flee Sullivan: god?
[27/1/2013 14:52:17] Lord Azzi: sim
[27/1/2013 14:52:34] Flee Sullivan: quando vao ser liberadas as novas vocações? .-.
[27/1/2013 14:53:1] Lord Azzi: estamos ajustando as magias delas, por isso elas foram desativadas temporariamente
[27/1/2013 14:53:17] Lord Azzi: acreditamos que antes de 08/02/2012 elas já estejam em atividade
[27/1/2013 14:53:29] Flee Sullivan: ok :)
[27/1/2013 15:21:38] Flee Sullivan: god
[27/1/2013 15:21:48] Flee Sullivan: os itens editados voltaram todos com os nomes originais
[27/1/2013 15:21:50] Flee Sullivan: vc viu?
[27/1/2013 15:25:28] Lord Azzi: Eu vi, estamos analisando bugs nos items. Obrigado por reportar. :D
[27/1/2013 15:41:54] Flee Sullivan: tem npc que compra minotaur horn?
[27/1/2013 15:41:59] Flee Sullivan: os item do ox?
[27/1/2013 15:50:11] Flee Sullivan: god
[27/1/2013 15:50:21] Flee Sullivan: pra que serve as runas que vem no inici?
[27/1/2013 15:50:24] Flee Sullivan: iniciow
[27/1/2013 18:18:28] Flee Sullivan: GOD
[27/1/2013 18:18:30] Flee Sullivan: TAMO PRESO
[27/1/2013 18:45:55] Flee Sullivan: hi
[27/1/2013 22:2:13] Flee Sullivan: agora perde os itens?
[27/1/2013 22:2:13] Flee Sullivan: D:
[27/1/2013 22:2:16] Flee Sullivan: carai
[27/1/2013 22:6:9] Flee Sullivan: orra
[28/1/2013 12:43:27] GM Andre: /up´
[29/1/2013 13:22:4] Sorc Melodrion: alguem ai ?
[29/1/2013 13:23:41] Sorc Melodrion: aff sem staff on ?
[29/1/2013 13:23:47] Sorc Melodrion: e falaram que é bom esse ot
[29/1/2013 13:23:49] Sorc Melodrion: no site
[29/1/2013 13:25:51] Sorc Melodrion: alguem ai pow ?
[30/1/2013 8:55:48] Picole: alguem ai ?
[30/1/2013 8:55:50] Picole: :P
[30/1/2013 8:56:1] Picole: relou
[30/1/2013 9:16:29] Picole: alguem ai ?
[30/1/2013 9:49:29] GM Andre: hmm
[30/1/2013 21:26:4] Lord Azzi: Olá?
[30/1/2013 21:26:12] Lord Azzi: Alguma pergunta?
[31/1/2013 1:10:14] Mago Rushz: alguem?
[1/2/2013 8:52:42] Mago Rushz: alguem?
[2/2/2013 17:59:1] Dwarf Berserker: GM
[2/2/2013 17:59:2] Dwarf Berserker: ADM
[2/2/2013 17:59:3] Dwarf Berserker: SEI LA
[2/2/2013 17:59:4] Dwarf Berserker: TAEW?
[2/2/2013 18:10:13] Dwarf Berserker: 18:09 Training: poxa cara, você é tipo, incrivel 18:09 Training: odeio gente invejosa 18:09 Training: ¬¬
[2/2/2013 18:10:54] Lord Azzi: eh bug
[2/2/2013 18:10:56] Lord Azzi: sem querer
[2/2/2013 18:10:59] Lord Azzi: eles ganharam vida
[2/2/2013 18:11:0] Lord Azzi: =/
[2/2/2013 18:11:3] Dwarf Berserker: ahahahah
[2/2/2013 18:11:5] Dwarf Berserker: mt elgal
[2/2/2013 18:11:16] Lord Azzi: eh um virus que tem IA mto forte sabe?
[2/2/2013 18:11:49] Dwarf Berserker: eu no futuro
[2/2/2013 18:11:50] Dwarf Berserker: com promotion
[2/2/2013 18:11:57] Dwarf Berserker: posso ganhar outfit de dwarf guard?
[2/2/2013 18:12:9] Lord Azzi: ainda n
[2/2/2013 18:12:19] Lord Azzi: masvamos analisar a probabilidade de inseri-la
[2/2/2013 18:12:20] Lord Azzi: :)
[2/2/2013 18:12:21] Dwarf Berserker: eu colokei esse nome por causa disso
[2/2/2013 18:12:22] Dwarf Berserker: =\
[4/2/2013 18:4:59] Fonzie: que item precisa pra usar adevo san?
[4/2/2013 18:5:13] Fonzie: eh runa?
[8/2/2013 19:30:13] Sucote Zofai: os coin fico top em
[8/2/2013 20:2:21] Lord Azzi: Alguém aqui?
[9/2/2013 1:12:40] Mateus Wielki: save
[9/2/2013 1:12:49] Skull do amor: me puxa
[9/2/2013 1:12:52] Skull do amor: D:
[9/2/2013 1:12:57] Skull do amor: e puxa Carpa Tinma
[9/2/2013 1:13:23] Mateus Wielki: adm
[9/2/2013 15:25:49] Kinder: vendo zao shoes 5k
[9/2/2013 15:26:14] GM Andre: compro
[9/2/2013 15:26:15] GM Andre: D:
[9/2/2013 15:26:47] Kinder: oque ganho com promotion
[9/2/2013 15:26:49] Kinder: ?
[9/2/2013 15:28:4] GM Andre: o comum ne, house, novas areas, promote, etc...
[9/2/2013 15:28:21] Kinder: nossa ein com promotion ganho pormoti
[9/2/2013 15:28:21] Kinder: asduhasd
[9/2/2013 15:29:25] GM Andre: skoaskoa, promote do vocação
[9/2/2013 15:29:25] GM Andre: skoaksoa
[9/2/2013 15:29:28] GM Andre: da*
[9/2/2013 15:30:2] Kinder: é quanto a promote ?
[9/2/2013 15:30:54] GM Andre: ta flnd da promote da vocação ne?
[9/2/2013 15:31:9] Kinder: me puxa ai
[9/2/2013 15:31:27] Kinder: to querendo botar pra ver como que é
[9/2/2013 23:21:33] Larcharter: o common marking?
[9/2/2013 23:21:36] Larcharter: como funciona
[10/2/2013 0:19:17] Mateus Wielki: adm
[10/2/2013 0:19:34] Presunto Sadia: :P
[10/2/2013 0:19:39] Presunto Sadia: fala com o lord azzi
[10/2/2013 1:50:48] Eleazar Gabara: alguem ai
[10/2/2013 10:35:3] Kinder: algum moderador ?
[10/2/2013 10:35:14] Kinder: se caso tenho queria falar que, AS MAGIAS NÕA FUNCIONA MAIS
[10/2/2013 11:31:58] Eleazar Gabara: tem alguem ai? -.-
[11/2/2013 3:40:30] Kinder: GOD TA AE ?
[11/2/2013 6:34:18] Kinder: ALGUM MODERADOR
[11/2/2013 6:34:19] Kinder: ONLINE ?
[11/2/2013 18:14:9] Larcharter Ignell: ajuda
[11/2/2013 18:14:11] Larcharter Ignell: socrro
[11/2/2013 18:14:13] Larcharter Ignell: to preso
[11/2/2013 18:14:14] Larcharter Ignell: ...
[11/2/2013 18:14:19] Larcharter Ignell: tem um bug aqui
[11/2/2013 18:15:28] Larcharter Ignell: socorro...
[11/2/2013 18:15:31] Larcharter Ignell: to preso
[11/2/2013 18:15:35] Larcharter Ignell: tem um bug aqui
[11/2/2013 18:15:35] Larcharter Ignell: ...
[11/2/2013 18:16:9] Larcharter Ignell: to preso 
[11/2/2013 18:16:34] GM Azzi: oi
[11/2/2013 18:16:36] GM Azzi: jah vou
[12/2/2013 14:17:0] Larcharter: tem quest
[12/2/2013 14:17:4] Larcharter: da wand
[12/2/2013 14:17:7] Larcharter: + forte?
[12/2/2013 22:26:8] Merillyn Ownage: como funciona essa common mark runes?
[12/2/2013 22:27:30] Lord Azzi: você marca um local
[12/2/2013 22:27:32] Lord Azzi: com a runa
[12/2/2013 22:27:37] Lord Azzi: e vai no teletransporte no depot
[12/2/2013 22:27:48] Lord Azzi: la você pode se teleportar para o local que marcou
[12/2/2013 22:33:43] Ouma Shu: q essa runa common marking faz?
[12/2/2013 22:33:48] Merillyn Ownage: onde eu upo?
[12/2/2013 22:33:55] Lord Azzi: ela marca uma posição no mapa
[12/2/2013 22:34:7] Lord Azzi: você pode se teleportar para esta posição
[12/2/2013 22:34:13] Lord Azzi: usando o teletransporte no templo
[12/2/2013 22:34:16] Lord Azzi: no depot alias.
[12/2/2013 22:34:20] Ouma Shu: vish
[12/2/2013 22:34:45] Lord Azzi: você pode upar nas rowtorms e nas carrion worms, os items de iniciantes: corda, pá, segunda wand estão no depot
[12/2/2013 22:35:43] Ouma Shu: sas msg tao me deixando louco '-'
[12/2/2013 22:36:1] Merillyn Ownage: obrigado '-'
[12/2/2013 22:36:2] Lord Azzi: eh evento.
[12/2/2013 22:36:7] Merillyn Ownage: tava indo em toad :C
[12/2/2013 22:36:21] Merillyn Ownage: as classes são balanceadas?
[12/2/2013 22:36:38] Ouma Shu: normal td mundo ser rapido? '-'
[12/2/2013 22:36:50] Lord Azzi: não, é evento até sexta
[12/2/2013 22:36:53] Lord Azzi: de super velocidade
[12/2/2013 22:37:4] Ouma Shu: ata, tira isso -q
[12/2/2013 22:37:9] Lord Azzi: as classes são mais ou menos balanceadas, estamos sempre adicionando magias e moldando as vocações
[12/2/2013 22:37:20] Merillyn Ownage: achei rotworm hur dur
[12/2/2013 22:37:35] Merillyn Ownage: lord, as classes são balanceadas?
[12/2/2013 22:37:45] Ouma Shu: sai do bueru hurdur merilu
[12/2/2013 22:38:11] Merillyn Ownage: eu to em rotworm
[12/2/2013 22:38:16] Merillyn Ownage: to preso na vdd pq to sem shovel
[12/2/2013 22:38:17] Ouma Shu: q esse povo tao preocurando '-'
[12/2/2013 22:38:23] Merillyn Ownage: uns itens esscondidos
[12/2/2013 22:38:35] Ouma Shu: essa velocidade me da dor de cabeça
[12/2/2013 22:39:24] Ouma Shu: aaa quero upa ç.
[12/2/2013 22:39:44] Ouma Shu: orc
[12/2/2013 22:40:20] Ouma Shu: cara quando minhas spear acaba q q eu faço? eiakdiaea
[12/2/2013 22:40:25] Merillyn Ownage: onde pego as shovels?
[12/2/2013 22:40:32] Ouma Shu: ta td no dp
[12/2/2013 22:40:39] Lord Azzi: a shovel esta no depot
[12/2/2013 22:40:41] Merillyn Ownage: lol
[12/2/2013 22:40:43] Merillyn Ownage: ta dentro do dp '-'
[12/2/2013 22:43:23] Ouma Shu: legal minhas spear acabo '-'
[12/2/2013 22:43:44] Merillyn Ownage: tribal n é diferente :C
[12/2/2013 22:43:46] Merillyn Ownage: é quase um druid
[12/2/2013 22:43:53] Merillyn Ownage: queria uma classe editadona '-'
[12/2/2013 22:44:20] Lord Azzi: Ouma Shu, qual sua vocação?
[12/2/2013 22:44:57] Ouma Shu: elf
[12/2/2013 22:45:24] Ouma Shu: vo roba money dos banco
[12/2/2013 22:45:58] Merillyn Ownage: lord
[12/2/2013 22:46:2] Merillyn Ownage: como é amazon e ninja? c_c
[12/2/2013 22:46:2] Lord Azzi: sim
[12/2/2013 22:46:5] Lord Azzi: amazon
[12/2/2013 22:46:14] Lord Azzi: ainda eh meio igual pally, mas a medida que faz promotes
[12/2/2013 22:46:20] Lord Azzi: vai conseguindo mais facil ml e mana
[12/2/2013 22:46:24] Lord Azzi: e ganhando magias.
[12/2/2013 22:46:37] Merillyn Ownage: e ninja .-.
[12/2/2013 22:46:42] Lord Azzi: ninja é uma vocação que esta sempre sendo adaptada, ele tem algumas magias proprias
[12/2/2013 22:46:50] Lord Azzi: e soh usa, por enquanto, magia de ataque de fogo
[12/2/2013 22:46:55] Lord Azzi: para dar suporte ao ataque
[12/2/2013 22:47:4] Ouma Shu: ae agr sim '-' magia d efazer frexa
[12/2/2013 22:47:5] Lord Azzi: o ninja ele tem ataque mais fraco e hita mais rapido que os outros, 
[12/2/2013 22:47:12] Merillyn Ownage: ;_;
[12/2/2013 22:47:14] Merillyn Ownage: vou testar
[12/2/2013 22:47:16] Lord Azzi: o hit do ninja vai aumentar
[12/2/2013 22:47:30] Lord Azzi: ninja pode usar sword ou ditance, ele conjura shuriken e kunais
[12/2/2013 22:48:55] Comedor de Pepekas: hur dur
[12/2/2013 22:48:58] Ouma Shu: quado acaba essa super velocidade? D:
[12/2/2013 22:48:58] Comedor de Pepekas: kd voce lu
[12/2/2013 22:49:2] Comedor de Pepekas: sexta
[12/2/2013 22:49:14] Lord Azzi: sexta feira sai a super velocidade do servidor.
[12/2/2013 22:49:19] Comedor de Pepekas: carai lu
[12/2/2013 22:49:21] Comedor de Pepekas: amei ninja
[12/2/2013 22:49:24] Comedor de Pepekas: atk speed 
[12/2/2013 22:49:25] Comedor de Pepekas: mt foda
[12/2/2013 22:49:28] Lord Azzi: a speed dele
[12/2/2013 22:49:30] Lord Azzi: em ataque
[12/2/2013 22:49:32] Lord Azzi: ainda vai aumentar
[12/2/2013 22:49:35] Ouma Shu: temple rune serve pra q?
[12/2/2013 22:49:42] Comedor de Pepekas: vai aumentar, ficar mais lento ou mais rapido?
[12/2/2013 22:49:51] Lord Azzi: te leva para o templo, mas você precisa ficar sem status de fighting
[12/2/2013 22:49:56] Lord Azzi: mais rapido
[12/2/2013 22:50:20] Comedor de Pepekas: é porque no xml
[12/2/2013 22:50:24] Comedor de Pepekas: 2000 é mais lento que 1500
[12/2/2013 22:50:25] Comedor de Pepekas: dai confundo HUE
[12/2/2013 22:54:38] Ouma Shu: exura heala pa caraio
[12/2/2013 22:54:57] Comedor de Pepekas: heala nd '-'
[12/2/2013 22:56:5] Comedor de Pepekas: apanho demais pras rotworm
[12/2/2013 22:56:9] Comedor de Pepekas: meu exura heala 2
[12/2/2013 22:56:11] Comedor de Pepekas: HUEHUEHUE
[12/2/2013 22:56:14] Ouma Shu: devia ter magia de fazer spear .-.
[12/2/2013 22:56:20] Lord Azzi: boa ideia :)
[12/2/2013 22:56:23] Lord Azzi: qual sua vocação?
[12/2/2013 22:56:27] Ouma Shu: tbm axo viu, elf
[12/2/2013 22:56:29] Lord Azzi: elfian?
[12/2/2013 22:56:32] Ouma Shu: sim
[12/2/2013 22:56:47] Ouma Shu: pq sas flexinha acaba rapid e eu tomo umas cepada feia D:
[12/2/2013 22:56:56] Comedor de Pepekas: onde se ta lu
[12/2/2013 22:57:7] Ouma Shu: melhor, faça um arco com defesa, fica com mais cara de elf .-.
[12/2/2013 22:57:14] Ouma Shu: to nos orc meu amor
[12/2/2013 22:57:20] Comedor de Pepekas: eu to em rot .-.
[12/2/2013 22:57:35] Comedor de Pepekas: meu deus vou treinar
[12/2/2013 22:57:38] Comedor de Pepekas: apanho demais pra rot '-'
[12/2/2013 22:57:43] Comedor de Pepekas: tipo demais
[12/2/2013 22:57:54] Ouma Shu: deuajduas
[12/2/2013 22:58:0] Comedor de Pepekas: hi
[12/2/2013 22:58:51] Comedor de Pepekas: carai
[12/2/2013 22:58:56] Comedor de Pepekas: 8k uma spiked sword
[12/2/2013 22:58:59] Comedor de Pepekas: queisso .-.
[12/2/2013 22:59:30] Lord Azzi: você pode ganhar uma nas quests da carrion worm
[12/2/2013 22:59:31] Ouma Shu: seria legal uma
[12/2/2013 22:59:41] Comedor de Pepekas: lord
[12/2/2013 22:59:42] Comedor de Pepekas: 22:59 You see a twin hooks (Atk:32, Def:22).
[12/2/2013 22:59:45] Comedor de Pepekas: isso treina o que?
[12/2/2013 22:59:46] Comedor de Pepekas: sword?
[12/2/2013 22:59:51] Comedor de Pepekas: porque eu to treinando sword no ninja
[12/2/2013 22:59:57] Comedor de Pepekas: seria ruim eu comprar isso e nao for sword '-
[12/2/2013 23:0:8] Ouma Shu: axo que seria mais legal criar uma flexa que nao gaste de uma em uma, ou um arco com shield, sei la, pra elf usar so arcos <3
[12/2/2013 23:0:26] Lord Azzi: a magia exevo hur conjura spears
[12/2/2013 23:1:4] Lord Azzi: a magia de conjurar flechas diminuiu de nivel e a quantidade de itens foi aumentada.
[12/2/2013 23:1:16] Ouma Shu: tem montaria?
[12/2/2013 23:1:16] Ouma Shu: '-'
[12/2/2013 23:1:36] Ouma Shu: vi umc amelo que buntiinm
[12/2/2013 23:1:39] Comedor de Pepekas: ganhei uma spike sword :D
[12/2/2013 23:2:3] Comedor de Pepekas: namoral carrion hita demais
[12/2/2013 23:2:25] Ouma Shu: assim que bao
[12/2/2013 23:2:36] Comedor de Pepekas: voce fala isso porque mata de longe
[12/2/2013 23:2:37] Comedor de Pepekas: _)_
[12/2/2013 23:2:42] Comedor de Pepekas: eu nem conjurar shuriken conjuro ainda
[12/2/2013 23:2:44] Ouma Shu: se ta upando mais rapid que eu
[12/2/2013 23:2:54] Comedor de Pepekas: craro
[12/2/2013 23:2:55] Comedor de Pepekas: pq so bom
[12/2/2013 23:3:9] Ouma Shu: aff n peguei a shovel
[12/2/2013 23:3:10] Ouma Shu: bosta
[12/2/2013 23:3:50] Comedor de Pepekas: amei meu atk speed
[12/2/2013 23:3:51] Comedor de Pepekas: beijos
[12/2/2013 23:4:12] Lord Azzi: por favor, conversem na janela private, se alguém vier pedir help eu posso não ver.
[12/2/2013 23:4:30] Comedor de Pepekas: positivo
[12/2/2013 23:4:36] Ouma Shu: positivo e operante
[12/2/2013 23:44:10] Ouma Shu: oi oi
[17/2/2013 20:24:11] Katifunda: algum gm on?? ;)
[25/2/2013 21:1:50] Sandrinho Maconheiro: exevo flam hurexevo flam hur
[25/2/2013 21:3:9] Sandrinho Maconheiro: exevo flam hurexevo flam hur
[25/2/2013 23:14:28] Veratul: auguem ?
[25/2/2013 23:14:47] GM Andre: diga
[25/2/2013 23:15:16] Veratul: quanto de hp dawen sobe por lv ?
[25/2/2013 23:15:41] Veratul: ja tem como por addon ?
[25/2/2013 23:17:1] Veratul: tem vantagem em criar dawen ja que nao tem atk nenhum ?
[25/2/2013 23:17:11] GM Andre: rapaz agora você me pegou, se eu não me engano é 15 em 15 por nivel
[25/2/2013 23:17:16] GM Andre: sim
[25/2/2013 23:17:25] GM Andre: a vantagem dele é que bate muito com martelo
[25/2/2013 23:17:35] GM Andre: martelo nao
[25/2/2013 23:17:36] GM Andre: desculpe
[25/2/2013 23:17:37] GM Andre: machado
[25/2/2013 23:17:49] Veratul: vo upar entao
[25/2/2013 23:18:14] GM Andre: a gente está fazendo ainda o npc das addons, em breve teremos o
[25/2/2013 23:18:55] Veratul: 16:11 You see a copper coin. It weighs 0.10 oz. serve pra que ?
[25/2/2013 23:19:59] GM Andre: a gente substituiu o dinheiro para cobre, prata e ouro
[25/2/2013 23:20:6] GM Andre: cobre é o equivalente ao gold do tibia
[25/2/2013 23:20:8] Veratul: LOL boa
[25/2/2013 23:20:14] GM Andre: =]
[25/2/2013 23:20:21] Veratul: essa mark rune serve pra q ?
[25/2/2013 23:20:52] GM Andre: você marca ela em algum local que você gosta, tipo algum respaw e depois para voltar para o local marcado você vai no tp que fica em cima do dp
[25/2/2013 23:21:45] Veratul: criativo
[25/2/2013 23:22:45] Veratul: eu quento carrion rotworn ?
[25/2/2013 23:23:17] GM Andre: você é que voc?
[25/2/2013 23:23:23] Veratul: dawen
[25/2/2013 23:24:22] GM Andre: acredito que poucas aguente
[25/2/2013 23:24:29] Veratul: tem treiner o tem que ser nos mobs ?
[25/2/2013 23:24:41] GM Andre: tem em baixo do dp
[25/2/2013 23:26:1] Veratul: permitido uso de bot n ne ?
[25/2/2013 23:26:26] GM Andre: n
[25/2/2013 23:28:29] Veratul: o assassin e mestiço entre distance e sword ne ?
[25/2/2013 23:29:8] GM Andre: a vocação de ninja?
[25/2/2013 23:29:19] Veratul: e me confundi
[25/2/2013 23:29:25] GM Andre: kkk
[25/2/2013 23:29:35] GM Andre: sim, sendo que ele hita mais rápido
[25/2/2013 23:29:39] GM Andre: com sword
[25/2/2013 23:29:52] Veratul: bolt c gasta ?
[25/2/2013 23:30:25] GM Andre: sim
[25/2/2013 23:40:38] Veratul: quanto tempo pra deslogar offline ?
[25/2/2013 23:44:35] GM Andre: acho que 5min
[25/2/2013 23:46:58] Veratul: vale pena treinar ml em dawern ?
[25/2/2013 23:48:10] GM Andre: nao
[25/2/2013 23:49:23] Veratul: blz
[25/2/2013 23:53:24] Veratul: ond eu upo esse lv ?
[25/2/2013 23:54:18] GM Andre: rotworm é uma boa
[25/2/2013 23:55:5] GM Andre: ou se você subir a favela que fica no sudoeste tem um respaw de wolf e war wolf
[25/2/2013 23:58:40] Veratul: black bull dropa augu de bom ?
[25/2/2013 23:59:38] Veratul: tem muitos itens novos ?
[26/2/2013 0:1:9] GM Andre: tem alguns
[26/2/2013 0:1:15] GM Andre: tipo uka uka, aku aku, sushi
[26/2/2013 0:1:22] GM Andre: cobre
[26/2/2013 0:1:34] GM Andre: no caso o black bull nao dropa nada de novo
[26/2/2013 0:5:29] Veratul: mounts aki 100% ?
[26/2/2013 0:5:48] GM Andre: ainda não
[26/2/2013 0:9:59] Veratul: ai como eu queria uma ue ak
[26/2/2013 0:10:7] Veratul: fruit bat e invasao ?
[26/2/2013 0:24:29] Veratul: quanto e promo ?
[26/2/2013 2:42:46] Veratul: auguem?
[26/2/2013 4:13:56] Zezin Maconheiro: eae :D
[26/2/2013 4:15:57] GM Andre: diga
[26/2/2013 4:19:11] Zezin Maconheiro: minha wand nao ataca
[26/2/2013 4:19:21] GM Andre: precisa de no minimo lvl 6
[26/2/2013 4:19:26] GM Andre: desculpe 7
[26/2/2013 4:19:36] Zezin Maconheiro: ié, hehe vou ficar mas atento !
[26/2/2013 4:19:40] GM Andre: =]
[26/2/2013 4:22:8] Zezin Maconheiro: qual o recorde do serve ?
[26/2/2013 4:23:47] Zezin Maconheiro: temos pagina no facebook ? quero ajudar a divulgar !
[26/2/2013 4:24:24] Zezin Maconheiro: li o site quase todo ja, gostei, e achei 10 a iniciativa de cirar um novo rpg 
[26/2/2013 4:25:54] GM Andre: tem sim
[26/2/2013 4:26:2] GM Andre: vou passar o link do face
[26/2/2013 4:26:8] Zezin Maconheiro: jaé
[26/2/2013 4:26:25] GM Andre: https://www.facebook.com/timetravelserver?fref=ts
[26/2/2013 4:26:38] Zezin Maconheiro: vlw
[26/2/2013 4:28:18] GM Andre: :D
[26/2/2013 4:28:23] GM Andre: obrigado por ajudar a divulgar
[26/2/2013 4:28:53] Zezin Maconheiro: xD', vou divulgar nos forum de tibia e nos ot serve
[26/2/2013 4:28:56] Zezin Maconheiro: :D
[26/2/2013 4:29:14] GM Andre: kkk
[26/2/2013 4:29:27] GM Andre: alguns foruns a gente ja divulgou, olhe antes entao para nao ser banido de la
[26/2/2013 4:29:55] Zezin Maconheiro: conta fantasma, char fantasma, ban, no ip e novo char 
[26/2/2013 4:29:57] Zezin Maconheiro: kpsKOSP
[26/2/2013 4:30:32] Zezin Maconheiro: aqui, tem bless ? se morrer caiu bag ?
[26/2/2013 4:31:43] GM Andre: kkkkkk
[26/2/2013 4:31:52] GM Andre: então nao esta pronto
[26/2/2013 4:31:54] GM Andre: mas esta quase
[26/2/2013 4:32:0] GM Andre: estamos fazendo um bem legal
[26/2/2013 4:32:2] GM Andre: um diferente
[26/2/2013 4:35:3] Zezin Maconheiro: no site, quando clica em magias, e tenta desmarcar a opção de todas nao sai, ai obriga a ver todas as magias
[26/2/2013 4:36:28] GM Andre: é tamo com problema nas magias
[26/2/2013 4:36:30] GM Andre: na parte do site
[26/2/2013 4:36:32] GM Andre: mas sera arrumado
[26/2/2013 4:38:23] Zezin Maconheiro: qual a versão do cliente mesmo ?
[26/2/2013 4:39:11] GM Andre: 9.4
[26/2/2013 4:39:26] Zezin Maconheiro: nao entendi a magia, utevo mort.
[26/2/2013 4:41:28] GM Andre: ele tira a luz
[26/2/2013 4:41:38] Zezin Maconheiro: ata :D
[26/2/2013 4:41:39] GM Andre: usa utevo lux
[26/2/2013 4:41:42] GM Andre: e depois usa essa
[26/2/2013 4:41:43] GM Andre: que ele tira
[26/2/2013 4:42:1] Zezin Maconheiro: nao tiro :O
[26/2/2013 4:42:23] GM Andre: D:
[26/2/2013 4:42:26] GM Andre: era pra fazer isso se pa
[26/2/2013 4:42:27] GM Andre: kk
[26/2/2013 4:45:50] Zezin Maconheiro: common mark como usa
[26/2/2013 5:4:30] Sandrinho Maconheiro: pra comprar casa precisa ser vip?
[26/2/2013 5:5:21] GM Andre: nao
[26/2/2013 5:22:53] Zezin Maconheiro: GM o nome maconheiro vai contra as regras do serve, tem como muda nossos nomes
[26/2/2013 5:24:33] GM Andre: vou conversar com o Lord Azzi
[26/2/2013 5:24:51] GM Andre: é o lider
[26/2/2013 5:25:12] Zezin Maconheiro: blza, so vi agora, pensei que rea igual ot, qualqr nome podia
[26/2/2013 5:50:10] Zezin Maconheiro: levou a luz
[26/2/2013 5:50:11] Zezin Maconheiro: ksKOPSKPO
[26/2/2013 5:50:25] GM Andre: kkk
[26/2/2013 5:56:5] Zezin Maconheiro: tem q desloga pro serve save?
[26/2/2013 5:57:22] GM Andre: nao
[26/2/2013 5:57:24] GM Andre: save automatico
[26/2/2013 5:58:12] Zezin Maconheiro: 22:49 Server is going down for a global save within 3 minutes. Please logout.
[26/2/2013 6:19:34] GM Andre: kk
[26/2/2013 6:19:36] GM Andre: kk
[26/2/2013 6:21:31] Zezin Maconheiro: 23:14 Loot of a boar: a bacon, ham, meat.
[26/2/2013 6:21:35] Zezin Maconheiro: matei o chupa cabra
[26/2/2013 6:21:36] Zezin Maconheiro: kSOPSK
[26/2/2013 6:21:47] GM Andre: mato?
[26/2/2013 6:21:56] Zezin Maconheiro: s
[26/2/2013 6:26:43] Zezin Maconheiro: vou dormir mano, trabalahr amnha é osso ! 
[26/2/2013 6:26:46] Zezin Maconheiro: flws ae, abrs
[26/2/2013 6:26:53] GM Andre: suave
[26/2/2013 6:26:55] GM Andre: ate outro dia
[26/2/2013 6:27:27] Zezin Maconheiro: amanha to de volta hehe
[26/2/2013 6:28:5] GM Andre: haha
[26/2/2013 6:28:7] GM Andre: beleza
[26/2/2013 18:49:43] Royal Flush: Alguem ae?
[26/2/2013 22:58:40] Veratul: auguem ?
[26/2/2013 23:2:0] Veratul: augum gm ?
[26/2/2013 23:7:20] GM Andre: sim
[26/2/2013 23:7:20] GM Andre: difga
[26/2/2013 23:7:36] Veratul: tao fazendo magia pra dawen ?
[26/2/2013 23:7:50] GM Andre: ele nao tem magia
[26/2/2013 23:7:54] GM Andre: so bate mto
[27/2/2013 2:47:3] Veratul: auguem ?
[27/2/2013 4:32:40] Zezin: GM
[27/2/2013 6:52:15] Lowt Mytos: GM ?
[27/2/2013 6:52:22] GM Andre: diga
[27/2/2013 7:49:2] Ak Mytos: GM ta aew?
[27/2/2013 7:49:16] Lowt Mytos: Tou, diga.
[27/2/2013 7:49:29] Ak Mytos: ¬¬
[27/2/2013 8:14:9] Dom Maconheiro: gm ta aii ?
[27/2/2013 8:17:58] Dom Maconheiro: hi
[28/2/2013 1:33:12] Veratul: auguem da staff 
[28/2/2013 1:35:50] Veratul: auguem ?
[28/2/2013 1:53:42] Zezin: GM
[28/2/2013 1:54:40] Veratul: ta afk eu acho
[28/2/2013 1:54:44] Veratul: ou off
[28/2/2013 1:54:51] Zezin: pdc
[28/2/2013 1:56:9] Veratul: c ta up ond ?
[28/2/2013 1:56:35] Zezin: lol
[28/2/2013 1:56:38] Zezin: to dp
[28/2/2013 1:56:39] Zezin: :S
[28/2/2013 1:59:39] Veratul: dawar e tenso
[28/2/2013 2:16:14] Veratul: 19:08 You gained 3690 experience points. 19:08 Loot of el chupacabra: a star herb, a star herb, 30 copper coins, 40 copper coins.
[28/2/2013 2:21:26] Spy Mytos: algum gm ?
[28/2/2013 2:21:47] Veratul: 19:08 You gained 3690 experience points. 19:08 Loot of el chupacabra: a star herb, a star herb, 30 copper coins, 40 copper coins.
[28/2/2013 2:22:38] Veratul: essa peste hit mais que drag
[28/2/2013 2:59:56] Veratul: 19:52 A dragon loses 172 hitpoints due to your attack.
[28/2/2013 3:6:9] Veratul: auguem da staff ?
[28/2/2013 3:28:27] Veratul: auguem ?
[28/2/2013 3:57:11] Veratul: auguem ?
[28/2/2013 4:9:9] Veratul: auguem ?
[1/3/2013 0:44:43] Veratul: auguem ?
[1/3/2013 1:1:37] Veratul: auguem ?
[1/3/2013 1:36:8] Zezin: GM
[1/3/2013 2:38:22] Veratul: auguem
[1/3/2013 2:38:22] Veratul: ?
[1/3/2013 3:58:12] Zezin: GM
[1/3/2013 5:55:28] Sir Lua: ADM online?
[1/3/2013 6:1:26] Sir Lua: ADM On?
[1/3/2013 16:52:0] Rei Caveira: curti mt o jogo quero só ver qt tempo vai ficar on
[1/3/2013 19:34:21] Rei Caveira: como arrumo rusty removedor
[1/3/2013 23:8:43] Veratul: auguem ?
[1/3/2013 23:18:3] Veratul: auguem ?
[1/3/2013 23:21:12] Veratul: auguem ?
[1/3/2013 23:47:51] Veratul: auguem ?
[1/3/2013 23:49:10] Veratul: auguem da staff ?
[1/3/2013 23:54:24] Veratul: auguem da staff ?
[2/3/2013 0:7:29] Veratul: auguem ?
[2/3/2013 0:16:2] Veratul: auguem ?
[2/3/2013 0:41:48] Veratul: auguem ?
[2/3/2013 1:1:14] Veratul: auguem ?
[2/3/2013 1:7:13] Digu Terra: algum
[2/3/2013 1:7:40] Veratul: eu
[2/3/2013 1:8:54] Digu Terra: shauishuas
[2/3/2013 1:24:33] Veratul: auguem ?
[2/3/2013 2:5:37] Veratul: auguem da staff?
[2/3/2013 2:8:28] Veratul: auguem da staff ?
[2/3/2013 2:15:40] Zezin: GM
[2/3/2013 2:18:6] Veratul: opa
[2/3/2013 2:19:8] Zezin: opa
[2/3/2013 2:19:9] Zezin: :D
[2/3/2013 2:30:58] Veratul: GM :
[2/3/2013 3:15:6] Veratul: gm?
[2/3/2013 3:33:20] Veratul: gm ?
[2/3/2013 3:47:53] Zezin: GM
[2/3/2013 3:48:39] Veratul: opa
[2/3/2013 3:56:43] Veratul: gm ?
[2/3/2013 4:1:45] Zezin: GM
[2/3/2013 4:24:47] Veratul: auguem ?
[2/3/2013 4:25:7] Veratul: gm ?
[2/3/2013 4:34:55] Sputnik: GM?
[2/3/2013 4:36:59] Veratul: opa
[2/3/2013 4:37:0] Zezin: ... gm ?
[2/3/2013 4:37:16] Zezin: o bug do tp ainda esta funfando
[2/3/2013 4:37:17] Zezin: S:
[2/3/2013 4:38:55] Veratul: q bug ?
[2/3/2013 4:39:10] Zezin: lol, nem vou fala ne :S
[2/3/2013 4:39:12] Zezin: so pro gm
[2/3/2013 4:39:14] Zezin: ;/
[2/3/2013 4:40:20] Sputnik: André tá ae?
[2/3/2013 4:40:48] Zezin: GM GM GM gm gm gm m m m m .......ECOOOOOOOOOOOOO
[2/3/2013 4:44:25] Veratul: XD
[2/3/2013 4:51:1] Veratul: gm
[2/3/2013 4:51:7] GM Andre: fale
[2/3/2013 4:51:14] Veratul: ALELUIA
[2/3/2013 4:51:29] Veratul: gm wild de axe ta hit mais que dwarf
[2/3/2013 4:51:53] GM Andre: depende do level do axe do wild
[2/3/2013 4:51:56] Zezin: gm, o bug daquele tp ainda esta funfando
[2/3/2013 4:52:12] GM Andre: que bug?
[2/3/2013 4:52:20] Zezin: vem em pm
[2/3/2013 4:52:22] Zezin: que te falo de novo
[2/3/2013 4:52:26] Veratul: e tem itens que estao baratos para vender
[2/3/2013 4:52:47] GM Andre: faça uma sugestão no site com o preço que você acha que os itens devem ter
[2/3/2013 4:52:54] GM Andre: exceto se você estiver falando do npc hulios
[2/3/2013 4:52:59] GM Andre: ele eh um mercenario
[2/3/2013 4:53:13] Veratul: sir lua quando tava lv 45 tava hit mais que eu
[2/3/2013 4:53:45] Zezin: lol
[2/3/2013 4:53:48] Zezin: mas ele nao é wild
[2/3/2013 4:53:48] Zezin: :S
[2/3/2013 4:53:57] Veratul: sir lua I
[2/3/2013 4:54:6] Veratul: e wild
[2/3/2013 4:54:34] GM Andre: vou ver isso (:
[2/3/2013 4:55:4] Zezin: gm, mage so usa fogo
[2/3/2013 4:55:13] Zezin: e free nao tem bixo pra fogo bom
[2/3/2013 4:55:13] Zezin: ;/
[2/3/2013 4:55:30] Zezin: tenho q fica em black, lixeba !
[2/3/2013 4:55:34] Zezin: os mlk tao tudo DL
[2/3/2013 4:55:36] Zezin: 12k de xp
[2/3/2013 4:56:1] Veratul: eu banbeio pra dl '-'
[2/3/2013 4:56:11] Veratul: pq tem hora que ele heala mais que eu bato
[2/3/2013 4:56:36] Veratul: e bota show heal pra ter uma noçao do heal da pessoa
[2/3/2013 4:58:51] Zezin: GM
[2/3/2013 5:1:37] Sir Lua I: ADM On? ;/
[2/3/2013 5:1:55] Veratul: tava agrinha
[2/3/2013 5:2:2] GM Andre: sim
[2/3/2013 5:2:4] GM Andre: to on
[2/3/2013 5:2:14] Alastro Templare: como assim god ?
[2/3/2013 5:2:30] Sir Lua I: Cara.. Desiste nao..
[2/3/2013 5:2:40] Sir Lua I: O server ta maneiro.. um novo tipo de tibia..
[2/3/2013 5:2:57] Sir Lua I: Apesar dessa situação financeira.. tenta abrir mesmo assim depois.. quando se sentir mais avontade ;/
[2/3/2013 5:2:57] GM Andre: sim
[2/3/2013 5:3:2] GM Andre: claro
[2/3/2013 5:3:6] GM Andre: não vamos jogar o servidor fora
[2/3/2013 5:3:18] GM Andre: vamos ajuntar dinheiro para fazer um relançamento
[2/3/2013 5:3:20] Alastro Templare: andre o serve não vai fica mais on ?
[2/3/2013 5:3:22] Sir Lua I: sim .. ;x
[2/3/2013 5:3:26] Sir Lua I: Se eu fosse vocês
[2/3/2013 5:3:32] GM Andre: e com dinheiro suficiente para propaganda
[2/3/2013 5:3:33] Sir Lua I: deixava alguem hosteando .. nao 24h
[2/3/2013 5:3:38] Sir Lua I: para ter mais players..
[2/3/2013 5:3:45] Sir Lua I: e mais players conhecidos..
[2/3/2013 5:4:3] Zezin: poh mano agora que ta enchendo, tinha so eu on, ai foi pra 5 on, agora tem 9
[2/3/2013 5:4:8] Zezin: cada dia vem mas 1 , dois
[2/3/2013 5:4:10] GM Andre: sim sim
[2/3/2013 5:4:12] Zezin: devagar vai vindo
[2/3/2013 5:4:22] GM Andre: infelizmente o hoster custa 109 reais
[2/3/2013 5:4:35] Sir Lua I: por isso que eu to falando.. para mês que vem.. nao deixar offline todo dia :/
[2/3/2013 5:4:47] Sir Lua I: Cada vez mais as pessoas vao se interessando por esse modo de tibia
[2/3/2013 5:4:49] Sir Lua I: e vao jogando..
[2/3/2013 5:4:59] GM Andre: pensa comigo
[2/3/2013 5:4:59] Sir Lua I: Daqui a pouco vc consegue arrecadar o suficiente..
[2/3/2013 5:5:1] GM Andre: me responde
[2/3/2013 5:5:4] GM Andre: você tem nome de lua
[2/3/2013 5:5:9] Sir Lua I: HUAUHA.. fala ae ;x
[2/3/2013 5:5:12] GM Andre: no seu char, você provavelmente é programador
[2/3/2013 5:5:14] GM Andre: estou certo?
[2/3/2013 5:5:31] Sir Lua I: AHHUA .. nao 
[2/3/2013 5:5:34] GM Andre: D:
[2/3/2013 5:5:35] Sir Lua I: sei mecher com server..
[2/3/2013 5:5:36] Sir Lua I: um pouco ;/
[2/3/2013 5:5:39] GM Andre: pkoeakopea
[2/3/2013 5:5:40] Sir Lua I: ja tive alguns
[2/3/2013 5:5:40] Alastro Templare: iiih discobriu o segredo dele
[2/3/2013 5:5:43] Sir Lua I: :(
[2/3/2013 5:5:44] Veratul: O pessoal ta se enchendo de global global global globAL baiak baiak baiak
[2/3/2013 5:5:44] GM Andre: vc sabe o que é um DAT editor?
[2/3/2013 5:5:51] Sir Lua I: sim.. eu li sobre o que vc falou :x
[2/3/2013 5:5:55] Sir Lua I: sobre investir num programa
[2/3/2013 5:5:57] Sir Lua I: e tal..
[2/3/2013 5:5:59] GM Andre: sim
[2/3/2013 5:6:1] GM Andre: você tem ideia
[2/3/2013 5:6:3] GM Andre: do poder
[2/3/2013 5:6:6] GM Andre: que um dat editor tem?
[2/3/2013 5:6:15] Sir Lua I: Nao tenho.. pois nao tenho experiencia
[2/3/2013 5:6:19] Sir Lua I: mas pelo que eu li no seu site
[2/3/2013 5:6:22] GM Andre: ok
[2/3/2013 5:6:25] Sir Lua I: é uma coisa muito grande :x
[2/3/2013 5:6:26] GM Andre: vou contar uma história
[2/3/2013 5:6:42] GM Andre: era uma vez um cara que era conhecido como Black Demon
[2/3/2013 5:6:45] GM Andre: um canadense
[2/3/2013 5:6:54] Zezin: ...
[2/3/2013 5:6:57] GM Andre: ele fez o primeiro DAT editor para tibia, nas versões 8.6
[2/3/2013 5:6:59] Alastro Templare: cauma ai vou fazer pipoca
[2/3/2013 5:7:3] GM Andre: kopaeoke
[2/3/2013 5:7:6] Veratul: kkkkkkkkkkkkkk
[2/3/2013 5:7:6] Alastro Templare: kkk
[2/3/2013 5:7:12] Sir Lua I: AUHUHAa
[2/3/2013 5:7:12] GM Andre: mano, todos usaram esse dat editor
[2/3/2013 5:7:13] Alastro Templare: continua
[2/3/2013 5:7:22] Sir Lua I: Sim.. ele se "aposento" correto? ;x
[2/3/2013 5:7:23] GM Andre: mudando sprites, adicionando monstros, itens, efeitos
[2/3/2013 5:7:27] GM Andre: criando o Tibia.spr
[2/3/2013 5:7:36] GM Andre: um certo dia ele ficou rico e cansou de tibia
[2/3/2013 5:7:50] GM Andre: isso fez com que todos os servidores editados ficassem na versão 8.6
[2/3/2013 5:7:57] Veratul: /\ vdd
[2/3/2013 5:8:2] Alastro Templare: eu sei quem sabe meche com isso
[2/3/2013 5:8:3] GM Andre: por que apartir desta versão não era mais possivel editar o dat
[2/3/2013 5:8:13] Veratul: 1 coisa que gosto e mount mapa novo classes novas etc
[2/3/2013 5:8:37] GM Andre: e assim o open tibia ficou preso nesta versão e nos globais
[2/3/2013 5:8:53] GM Andre: mas das trevas surge uma luz
[2/3/2013 5:9:9] Zezin: kkkkkkk, eu li isso 2 vezes no site  :D
[2/3/2013 5:9:13] GM Andre: kaekpokoeakoe
[2/3/2013 5:9:14] Veratul: XD
[2/3/2013 5:9:45] Veratul: muda um pouco essa historia do sv tipo cauculadora de dividir por zero fica muito doido
[2/3/2013 5:9:49] GM Andre: eu comecei a desenvolver o dat editor em C# e fui avançando, desenvolvi um extrator de sprites compativel com tibia 6.0 até 9.8
[2/3/2013 5:10:5] GM Andre: a parte de dividir por zero eh a mais maneira B:
[2/3/2013 5:10:21] Veratul: 8)
[2/3/2013 5:10:27] Alastro Templare: eu li essa historia no site
[2/3/2013 5:10:31] Zezin: Estudo TI, haha  5º periodo, C# é bastante complexo, da pra fazer quease tudo 
[2/3/2013 5:10:32] Zezin: D:
[2/3/2013 5:10:39] Sir Lua I: Cara..é o que eu falo.. e que acredito que todos pensam
[2/3/2013 5:10:44] Sir Lua I: o seu Ot é diferente
[2/3/2013 5:10:50] Veratul: s
[2/3/2013 5:10:50] Sir Lua I: e precisa de "propaganda"
[2/3/2013 5:10:56] Sir Lua I: para chamar players..
[2/3/2013 5:10:57] GM Andre: sim
[2/3/2013 5:10:59] GM Andre: propaganda
[2/3/2013 5:11:2] GM Andre: esse foi o erro
[2/3/2013 5:11:8] Sir Lua I: exemplo eu.. estou cansado de tibia normal.. e aquela mesmisse ;x
[2/3/2013 5:11:9] GM Andre: nos tinhamos dinheiro para manter o server no ar
[2/3/2013 5:11:17] GM Andre: mas não dinheiro para propaganda
[2/3/2013 5:11:19] Veratul: vdd
[2/3/2013 5:11:25] Zezin: te 
[2/3/2013 5:11:26] Zezin: te 
[2/3/2013 5:11:27] Zezin: te 
[2/3/2013 5:11:29] Zezin: ops
[2/3/2013 5:11:29] Zezin: mals
[2/3/2013 5:11:31] Veratul: tibia enjoa de certa forma
[2/3/2013 5:11:44] Sir Lua I: Andre.. por isso eu falo agora..
[2/3/2013 5:11:48] Alastro Templare: andre contrata o zezin
[2/3/2013 5:11:57] Sir Lua I: Deixa o server online.. vc ou outro ADM.. na casa de vcs mesmo
[2/3/2013 5:11:59] GM Andre: ok, na verdade eu não sou o André
[2/3/2013 5:12:1] Sir Lua I: para divulgar o server
[2/3/2013 5:12:6] GM Andre: eu sou o Lord Azzi, o dono do server
[2/3/2013 5:12:8] Sir Lua I: como se fosse um Teste server
[2/3/2013 5:12:24] Veratul: a que devo tal honra
[2/3/2013 5:12:44] Veratul: axe 70
[2/3/2013 5:12:46] Sir Lua I: ok..Lord :x , Tipo.. Deixe online na sua casa mesmo ou em outro Adm.. mesmo que não fique 24 horas.
[2/3/2013 5:12:47] GM Andre: vocês não me viram no servidor este mês por que estou trabalhando 15h por dia na empresa
[2/3/2013 5:12:54] Alastro Templare: manolo e propaganda que falta ?
[2/3/2013 5:13:3] Sir Lua I: e tipo.. é bom um ADM,Tutor.. algo do tipo
[2/3/2013 5:13:4] Sir Lua I: online
[2/3/2013 5:13:14] Sir Lua I: para que possa incentivar os players.. a chamar amigos
[2/3/2013 5:13:20] Sir Lua I: e tirar certas duvidas ..
[2/3/2013 5:13:21] Veratul: ss
[2/3/2013 5:13:28] Sir Lua I: já que o mod desse tibia.. é totalmente novo
[2/3/2013 5:13:41] GM Andre: sim
[2/3/2013 5:13:43] GM Andre: o problema
[2/3/2013 5:13:53] Veratul: dwarf era pra ser uma classe totalmente suicida ja que tem muito hp
[2/3/2013 5:14:14] GM Andre: a gente vai editar melhor as vocações na edição feniz
[2/3/2013 5:14:17] GM Andre: fenix
[2/3/2013 5:14:23] GM Andre: renascido das cinzas
[2/3/2013 5:14:25] Veratul: LOL
[2/3/2013 5:14:28] GM Andre: :P
[2/3/2013 5:14:30] Sir Lua I: AHUAHU
[2/3/2013 5:14:34] Sir Lua I: já é um começo
[2/3/2013 5:14:36] Veratul: mais vai resetar sv ?
[2/3/2013 5:14:37] Alastro Templare: isso da pra fazer xtibia no otserver liste são otimos lugares para divuga
[2/3/2013 5:14:48] Veratul: eu vi no otserver
[2/3/2013 5:15:4] Zezin: ja esta no xtibia, alastro  :S
[2/3/2013 5:15:5] Sir Lua I: E Lord.. acredito que a galera pense assim.. Com as pessoas onlines aqui.. vc pode contar como players para o seu server
[2/3/2013 5:15:11] Sir Lua I: entao só tende a crescer mais..
[2/3/2013 5:15:12] Zezin: eu conheci pelo xtbia
[2/3/2013 5:15:18] Sir Lua I: Isso depende de vocês é claro ;D
[2/3/2013 5:15:38] Veratul: eu vi fikei curioso com nome fikei surpreso ser sv 9.6
[2/3/2013 5:15:48] GM Andre: :D
[2/3/2013 5:15:49] Alastro Templare: adm o site esta progamado pra se achado no google ?
[2/3/2013 5:16:0] GM Andre: sim
[2/3/2013 5:16:5] GM Andre: o robo do google é muito inteligente
[2/3/2013 5:16:11] GM Andre: ele mesmo visitou o site
[2/3/2013 5:16:21] Veratul: :O
[2/3/2013 5:16:24] Alastro Templare: tem que fazer videos do server tbm
[2/3/2013 5:16:26] GM Andre: minha ideia
[2/3/2013 5:16:28] Veratul: s
[2/3/2013 5:16:29] Alastro Templare: coloca no yaotube
[2/3/2013 5:16:33] GM Andre: de divulgação inicial
[2/3/2013 5:16:35] Alastro Templare: youtube*
[2/3/2013 5:16:38] GM Andre: era criar uma nova otlist
[2/3/2013 5:16:48] Veratul: videos uma das melhores formas de anucio
[2/3/2013 5:16:53] GM Andre: sim
[2/3/2013 5:16:58] GM Andre: videos eh uma coisa super importante
[2/3/2013 5:17:5] Sir Lua I: Se liga, 
[2/3/2013 5:17:8] Alastro Templare: faz uma invação qualquer e cria um video
[2/3/2013 5:17:17] Sir Lua I: Acho maneiro. faz um video da galera numa quest.. com monstros novos..
[2/3/2013 5:17:23] Sir Lua I: ou vc mesmo no videos mostrando o server
[2/3/2013 5:18:3] Sir Lua I: Eu sei que com a galera aqui presente.. vc pode contar... ;]
[2/3/2013 5:18:28] Alastro Templare: adm eu sou criado de web radio então essa parada de divugação e complicada mesma tem que ter uma equipe pra fica fazendo isso como se foce os tutores
[2/3/2013 5:19:27] Alastro Templare: o pessoal que entro aki no help e o pessoal que esta se importando com o server e que ajuda por minha parte eu ajudo ai de qualquer forma possivel
[2/3/2013 5:19:30] GM Andre: A minha ideia era abrir um otlist
[2/3/2013 5:19:43] GM Andre: e colocar meu servidor com o banner neste
[2/3/2013 5:20:8] Zezin: boa ideia tambem !
[2/3/2013 5:20:11] GM Andre: e depois fazer nos forums uma lista de sites que são listas de servidores
[2/3/2013 5:20:18] GM Andre: e fingir que a minha é uma conhecida
[2/3/2013 5:20:19] GM Andre: aekopaekopea
[2/3/2013 5:20:23] Alastro Templare: entra em parceria com alguns sites de propaganda 
[2/3/2013 5:20:41] GM Andre: eu entrei em algumas otlists famosas e usei javascript para converter as informações que tinham nesses otlists para mysql
[2/3/2013 5:20:45] Zezin: mano, te falar eu to entrando nas pagians do face dos ots, e colocando spam do serve, ontem fui ban 2 vezes
[2/3/2013 5:20:46] Zezin: ksKOPSK
[2/3/2013 5:20:47] GM Andre: e cadastrei no meu bd
[2/3/2013 5:20:58] GM Andre: poeapoaeo
[2/3/2013 5:21:19] Alastro Templare: zezin tu e mo invaso de face
[2/3/2013 5:21:33] Zezin: cara, o face hoje é o canal mas acessado !
[2/3/2013 5:21:40] Alastro Templare: sim
[2/3/2013 5:21:45] Sir Lua I: Faz o face do ot po :x
[2/3/2013 5:22:9] GM Andre: ele tem um face :B
[2/3/2013 5:22:10] Alastro Templare: tem algumas coisas que tem que por no site tbm adm isso tbm chama a atenção do pessoal
[2/3/2013 5:22:25] Sir Lua I: Mas cade? :x
[2/3/2013 5:22:35] Sir Lua I: Nao mostra no site :/
[2/3/2013 5:22:43] Sir Lua I: ou eu nao vi :/
[2/3/2013 5:22:48] Alastro Templare: isso e uma das coisas que falta
[2/3/2013 5:22:55] Alastro Templare: tem que coloca rank
[2/3/2013 5:23:2] GM Andre: sim, o site ainda esta muito incompleto
[2/3/2013 5:23:25] GM Andre: são muitas coisas para se programar, bugs para resolver
[2/3/2013 5:23:31] Alastro Templare: isso faz cria a disputa de querer ser o melhor do server
[2/3/2013 5:23:31] GM Andre: eu trabalho numa faculdade
[2/3/2013 5:23:53] GM Andre: na Impacta
[2/3/2013 5:24:5] GM Andre: eu faço curso de manha
[2/3/2013 5:24:12] GM Andre: php, mysql, sql, javascript, jquery
[2/3/2013 5:24:20] GM Andre: de tarde eu trabalho na empresa
[2/3/2013 5:24:24] GM Andre: e de noite vou pra faculdade
[2/3/2013 5:24:29] Zezin: tenoh que estudar isso, que odio
[2/3/2013 5:24:33] Alastro Templare: iih zezin sabe isso ai tbm ou ta aprendendo
[2/3/2013 5:24:42] Zezin: aprendendo
[2/3/2013 5:24:43] Zezin: KPSOSPOK
[2/3/2013 5:24:50] GM Andre: vocês podem sugerir varias coisas, mas não tem como eu faz nada infelizmente, ekto eu estiver fazendo cursos na faculdade
[2/3/2013 5:25:17] GM Andre: o GM Andre
[2/3/2013 5:25:22] GM Andre: arranjou emprego
[2/3/2013 5:25:35] Alastro Templare: contrata o zezin ja falei
[2/3/2013 5:25:39] GM Andre: e agora ele vai ficar menos tempo ainda no ot
[2/3/2013 5:25:50] Zezin: aff, pensei que ia amnter o ot
[2/3/2013 5:25:50] Zezin: kopsoPKS
[2/3/2013 5:25:58] Zezin: ta trabalhando, poe ele pra pagar o hoster
[2/3/2013 5:25:59] Zezin: kposPKOS
[2/3/2013 5:26:6] Alastro Templare: kkkkkkkk
[2/3/2013 5:26:11] GM Andre: eh uma boa ideia
[2/3/2013 5:26:12] GM Andre: eakopaekoae
[2/3/2013 5:26:19] GM Andre: ta ganhando mais que eu u_u
[2/3/2013 5:26:23] Alastro Templare: vamos fazer uma intera ai pessoal pra deixa o server on
[2/3/2013 5:26:54] Sir Lua I: Mas Lord..
[2/3/2013 5:26:56] Sir Lua I: entao lek
[2/3/2013 5:27:0] GM Andre: calma 
[2/3/2013 5:27:4] GM Andre: vou entrar com o Lord Azzi
[2/3/2013 5:27:8] Sir Lua I: o que decidio? :x
[2/3/2013 5:27:8] Alastro Templare: ok
[2/3/2013 5:27:10] Zezin: pqp estou nervoso
[2/3/2013 5:27:23] Alastro Templare: kkkk
[2/3/2013 5:27:24] Lord Azzi: lord azzi
[2/3/2013 5:27:25] Lord Azzi: (:
[2/3/2013 5:27:56] Sir Lua I: Entao Lord.. Vai abrir mês que vem em algum pc? fazer alguma treta do tipo
[2/3/2013 5:27:59] Sir Lua I: ou é para parar de caçar ?: /
[2/3/2013 5:28:17] Alastro Templare: a parada e que o server e de modo dificio de consegui as coisas a maioria do pessoal que servido facio de joga 
[2/3/2013 5:28:23] Alastro Templare: isso e um problema
[2/3/2013 5:29:0] Alastro Templare: mais que geralmente joga não que para 
[2/3/2013 5:29:3] Alastro Templare: pq e dedicado
[2/3/2013 5:29:19] Alastro Templare: server alto em qualquer momento pode para de funciona
[2/3/2013 5:29:34] Lord Azzi: s
[2/3/2013 5:29:43] Lord Azzi: o servidor vai ser encerrado
[2/3/2013 5:29:45] Lord Azzi: eh melhor assim
[2/3/2013 5:29:57] Alastro Templare: =/
[2/3/2013 5:29:58] Sir Lua I: aa ;//
[2/3/2013 5:30:2] Lord Azzi: quando o Time Travel Fenix : renascido das cinzas voltar
[2/3/2013 5:30:17] Lord Azzi: as pessoas cadastradas vão receber uma notificação por e-mail
[2/3/2013 5:30:23] Zezin: affs
[2/3/2013 5:30:43] Alastro Templare: a qual foi adm faz isso não cara tudo tem um jeito
[2/3/2013 5:30:52] Sir Lua I: Tudo bem.. entendo que isso é dificil e tal..
[2/3/2013 5:31:0] Sir Lua I: mas nao tem nenhum jeito de deixar online?
[2/3/2013 5:31:8] Sir Lua I: nem se fosse 3horinhas sei la por dia? :/
[2/3/2013 5:31:9] Zezin: deixa online, memso
[2/3/2013 5:31:13] Zezin: nem quero te ver
[2/3/2013 5:31:13] Zezin: kopSKOPS
[2/3/2013 5:31:16] Zezin: so quero o ot on
[2/3/2013 5:31:19] Zezin: :P
[2/3/2013 5:31:22] Alastro Templare: kkkkkkk
[2/3/2013 5:31:25] Sir Lua I: AUHUHAA
[2/3/2013 5:31:32] Lord Azzi: ok
[2/3/2013 5:31:35] Lord Azzi: pensem comigo
[2/3/2013 5:31:37] Zezin: zoaa
[2/3/2013 5:31:49] Lord Azzi: meu pai é um rapaz que não conhece a diferença de um microondas e de uma tv
[2/3/2013 5:31:55] Lord Azzi: ele vai ver a maquina ligada
[2/3/2013 5:31:58] Lord Azzi: e vai desligar
[2/3/2013 5:32:2] Zezin: igual meu
[2/3/2013 5:32:3] Zezin: kospOSSPOK
[2/3/2013 5:32:7] Lord Azzi: deixar em casa não é simples :S
[2/3/2013 5:32:9] Lord Azzi: eu precisei
[2/3/2013 5:32:12] Sir Lua I: ;/
[2/3/2013 5:32:14] Lord Azzi: trocar o icone do chrome
[2/3/2013 5:32:17] Alastro Templare: eu deixo aki em casa o pc ja ta ligado a 2 semanas mesmo
[2/3/2013 5:32:17] Lord Azzi: pro do explorer
[2/3/2013 5:32:21] Lord Azzi: para ele usar o chrome D:
[2/3/2013 5:32:25] Zezin: kkkkkkkkk
[2/3/2013 5:32:27] Sir Lua I: AHUAa
[2/3/2013 5:32:29] Sir Lua I: mas cara..
[2/3/2013 5:32:33] Sir Lua I: desistir assim vai ser chato :/
[2/3/2013 5:32:37] Zezin: pdc
[2/3/2013 5:32:43] Zezin: joguei nem uma semana
[2/3/2013 5:32:46] Zezin: ;/
[2/3/2013 5:32:50] Sir Lua I: até porque todos que estao online.. se ferraram para ficar onde estao :/
[2/3/2013 5:32:53] Lord Azzi: n vou desistir, o servidor vai voltar
[2/3/2013 5:32:55] Sir Lua I: nem é por isso :/
[2/3/2013 5:33:2] Sir Lua I: mas sei la.. isso desanima po :((
[2/3/2013 5:33:16] Lord Azzi: =/
[2/3/2013 5:33:22] Alastro Templare: e mesmo antes eu ia coloca lvl 200 agora so vou coloca 199
[2/3/2013 5:33:39] Sir Lua I: AAHUHUA
[2/3/2013 5:33:47] Lord Azzi: koaekpoaekoae
[2/3/2013 5:34:13] Lord Azzi: olha
[2/3/2013 5:34:23] Lord Azzi: eh uma situação dificil
[2/3/2013 5:34:30] Zezin: aff
[2/3/2013 5:34:31] Veratul: voltei
[2/3/2013 5:34:42] Lord Azzi: projeto não vai ser abandonado, eu programei 7 meses para terminar esse server
[2/3/2013 5:34:57] Alastro Templare: e vc acha que vai demora quanto tempo pra volta ?
[2/3/2013 5:35:13] Veratul: quando que sv vai fica off ?
[2/3/2013 5:35:40] Lord Azzi: dia 4 do mes que vem
[2/3/2013 5:35:48] Lord Azzi: é quando vence a fatura
[2/3/2013 5:35:48] Alastro Templare: e volta quando ?
[2/3/2013 5:36:8] Lord Azzi: não sei, mas é capaz que demore de dois a três meses >_<
[2/3/2013 5:36:10] Zezin: dia 4
[2/3/2013 5:36:11] Veratul: e se tiver 50 nego on ?
[2/3/2013 5:36:12] Zezin: é segunda
[2/3/2013 5:36:13] Zezin: ksOSKPPSOK
[2/3/2013 5:36:32] Lord Azzi: sim, jaja, eu tava tentando de tudo esse mes
[2/3/2013 5:36:35] Lord Azzi: para descolar uma grana
[2/3/2013 5:36:40] Lord Azzi: mas n deu :D
[2/3/2013 5:37:21] Veratul: vo ter que sair :s
[2/3/2013 5:37:24] Alastro Templare: eu te empresto quanto precisa ?
[2/3/2013 5:37:44] Veratul: exist
[2/3/2013 5:38:43] Alastro Templare: adm ta ai ?
[2/3/2013 5:40:10] Lord Azzi: sim princesa
[2/3/2013 5:40:28] Alastro Templare: ai zezin com o dinheiro e que tu o vini e o felipe gasto em tremera que fecho vcs pagava 1 ano aki
[2/3/2013 5:40:39] Alastro Templare: precisa de quanto pra deixa ele on ?
[2/3/2013 5:40:52] Lord Azzi: para deixar este mês, preciso de mais 100
[2/3/2013 5:40:54] Lord Azzi: reais
[2/3/2013 5:41:26] Alastro Templare: eu tenho 30 centavos aqui ja e um começo
[2/3/2013 5:41:32] Lord Azzi: kopeakoae
[2/3/2013 5:41:35] Alastro Templare: kkkkk
[2/3/2013 5:41:37] Alastro Templare: zoa zoa
[2/3/2013 5:41:47] Lord Azzi: man,
[2/3/2013 5:41:49] Lord Azzi: a ideia eh essa
[2/3/2013 5:42:1] Lord Azzi: eu larguei C# há um tempo e virei programador web
[2/3/2013 5:42:8] Lord Azzi: php, javascript, mysql
[2/3/2013 5:42:20] Alastro Templare: 100 reais ate dia 4 e meio complicado
[2/3/2013 5:42:20] Lord Azzi: e recentemente estão abrindo sites de venda de scripts
[2/3/2013 5:42:26] Lord Azzi: por causa do lançamento do HTML5
[2/3/2013 5:42:41] Zezin: pdc
[2/3/2013 5:42:42] Zezin: :P
[2/3/2013 5:42:44] Alastro Templare: me pucha ai adm fala uma parada com vc
[2/3/2013 5:43:5] Lord Azzi: vamos conversar pelo help, assim todos leem
[2/3/2013 5:43:14] Alastro Templare: pucha ai
[2/3/2013 5:43:23] Alastro Templare: zezin e fofoqueiro
[2/3/2013 5:43:44] Lord Azzi: ok, como na empresa que eu trabalho é uma faculdade muito envolvida com a parte web, eu to desenvolvendo scripts em web para colocar para vender nestes sites
[2/3/2013 5:44:38] Alastro Templare: 100 reais acho que não da não mais uns 50 acho que rola coloca de doação
[2/3/2013 5:45:26] Lord Azzi: mano, conversem entre vocês, se vocês quiserem juntar dinheiro para manter o server no ar, então continuaremos, se faltar um pouco eu mesmo completo
[2/3/2013 5:46:2] Zezin: kkkkkkkkkk
[2/3/2013 5:46:6] Alastro Templare: coloca uns itens no shop pra vender 
[2/3/2013 5:46:8] Zezin: mals
[2/3/2013 5:46:20] Lord Azzi: que itens vocês querem que venda no shopping?
[2/3/2013 5:46:33] Alastro Templare: sei la arma equipe boots
[2/3/2013 5:46:46] Lord Azzi: ok
[2/3/2013 5:46:48] Lord Azzi: leather boots
[2/3/2013 5:46:49] Alastro Templare: isso de runa pot corda ninguem quer compra
[2/3/2013 5:46:52] Lord Azzi: e rapier
[2/3/2013 5:46:53] Lord Azzi: :B
[2/3/2013 5:47:0] Lord Azzi: mas mano
[2/3/2013 5:47:3] Lord Azzi: todos usam corda ekopeopaekoaekoe
[2/3/2013 5:47:10] Alastro Templare: =/
[2/3/2013 5:47:15] Alastro Templare: tem magia pra que corda
[2/3/2013 5:47:16] Lord Azzi: zuera D:
[2/3/2013 5:47:17] Lord Azzi: vou tirar
[2/3/2013 5:47:20] Sir Lua I: AUHUAHa
[2/3/2013 5:47:23] Lord Azzi: eakopaeoaekoea
[2/3/2013 5:47:46] Sir Lua I: uma pergunta
[2/3/2013 5:47:47] Alastro Templare: mais coloca itens que e muito dificio de arruma no server entende
[2/3/2013 5:47:54] Sir Lua I: para que serve o npc Jony Query
[2/3/2013 5:47:59] Sir Lua I: que é um lobo na > do dp :x
[2/3/2013 5:48:1] Zezin: pdc, poe nada mito exagerado nao !
[2/3/2013 5:48:3] Lord Azzi: o jony query sera npc de quest
[2/3/2013 5:48:8] Sir Lua I: ata :x
[2/3/2013 5:48:10] Lord Azzi: mas por ekto ele soh serve para zuar um amigo meu
[2/3/2013 5:48:13] Lord Azzi: que eh mto peludo
[2/3/2013 5:48:17] Sir Lua I: AUAHUA
[2/3/2013 5:48:19] Lord Azzi: koaekoaekoaeko
[2/3/2013 5:48:30] Alastro Templare: kkkk
[2/3/2013 5:48:35] Sir Lua I: E cara..Sem pedir muito já que será encerrado dia 4..
[2/3/2013 5:48:45] Sir Lua I: poderia por a galera premio.. para aproveitar e ver como sao as magias novas?
[2/3/2013 5:48:46] Sir Lua I: :/
[2/3/2013 5:48:52] Lord Azzi: sim princesa
[2/3/2013 5:48:55] Sir Lua I: ou alguem pago premio? :X
[2/3/2013 5:49:1] Zezin: eu tentei
[2/3/2013 5:49:2] Zezin: kposSKOPOPKS
[2/3/2013 5:49:3] Sir Lua I: e queira só ele de premio :x
[2/3/2013 5:49:23] Alastro Templare: isso que eu to falando pode coloca a p.a pra ajuda o server
[2/3/2013 5:49:34] Sir Lua I: Sim :]
[2/3/2013 5:49:46] Alastro Templare: zezin vai gasta uns 50 reais no server ele e mo viciado
[2/3/2013 5:49:53] Zezin: .i.
[2/3/2013 5:49:57] Alastro Templare: kkkkkkkkkk'
[2/3/2013 5:49:57] Sir Lua I: HAHUAa
[2/3/2013 5:49:58] Zezin: ganhou bem ! só isso
[2/3/2013 5:50:3] Alastro Templare: isso ai
[2/3/2013 5:50:4] Lord Azzi: vou colocar premmy para todos, ok crianças?
[2/3/2013 5:50:5] Zezin: estudei !
[2/3/2013 5:50:9] Zezin: estudei !
[2/3/2013 5:50:10] Zezin: estudei !
[2/3/2013 5:50:10] Zezin: estudei !
[2/3/2013 5:50:13] Alastro Templare: foda-se
[2/3/2013 5:50:14] Zezin: sim !
[2/3/2013 5:50:15] Zezin: gogo
[2/3/2013 5:50:17] Sir Lua I: ok :D
[2/3/2013 5:50:17] Alastro Templare: isso e indireta ?
[2/3/2013 5:50:27] Zezin: nao é direta ! kkkkkk
[2/3/2013 5:50:42] Alastro Templare: se eu te pega no zero hora eu pa pa pa a tua cara em
[2/3/2013 5:50:48] Zezin: todos premium ! e se fizermos a doação
[2/3/2013 5:50:53] Zezin: o serve chega a cair ?
[2/3/2013 5:50:56] Lord Azzi: e vou colocar os player com super velocidade também
[2/3/2013 5:50:58] Zezin: pq dia 4 ja é segunda
[2/3/2013 5:50:59] Zezin: :S
[2/3/2013 5:51:4] Zezin: nao
[2/3/2013 5:51:5] Lord Azzi: vou reiniciar o server
[2/3/2013 5:51:5] Sir Lua I: ee Lord.. como funciona a mascara Aku Aku? o.o .. porque nao demonstra para a galera ae :x ou só eu fiquei curioso? AHUUAH
[2/3/2013 5:51:9] Zezin: sem super velociadade
[2/3/2013 5:51:11] Lord Azzi: para todos ficarem com premmy
[2/3/2013 5:51:12] Zezin: alopra nao
[2/3/2013 5:51:13] Alastro Templare: supre velocidade não
[2/3/2013 5:51:18] Lord Azzi: ok
[2/3/2013 5:51:21] Lord Azzi: sem super velocidade
[2/3/2013 5:51:47] Lord Azzi: façam log off
[2/3/2013 5:51:54] Lord Azzi: e vejam se estão com premmy
[2/3/2013 5:51:55] Alastro Templare: outra perguna
[2/3/2013 5:51:59] Alastro Templare: pergunta*
[2/3/2013 5:52:1] Sir Lua I: Lord uma coisa
[2/3/2013 5:52:12] Sir Lua I: Na loja vc pode comprar Temple rune e outra rune lá
[2/3/2013 5:52:15] Alastro Templare: o server quando volta não sera resetado ne ?
[2/3/2013 5:52:18] Sir Lua I: que vc se quizer pode fazer..
[2/3/2013 5:52:23] Sir Lua I: e quando faz .. faz 10 de uma vez o.o
[2/3/2013 5:52:23] Lord Azzi: será resetado
[2/3/2013 5:52:29] Alastro Templare: pq ?
[2/3/2013 5:52:47] Lord Azzi: vou tirar temple rune da loja
[2/3/2013 5:53:1] Lord Azzi: por que ai o server fica tipo novo
[2/3/2013 5:53:9] Lord Azzi: vocês não sabem, mas já tem player nivel 200 no server
[2/3/2013 5:53:26] Lord Azzi: e tem mais de um acima do 100
[2/3/2013 5:53:33] Alastro Templare: pq vai reseta ?
[2/3/2013 5:53:43] Lord Azzi: abrir o server de novo com varias pessoas jah em nivel alto fica sem graça
[2/3/2013 5:53:55] Lord Azzi: crianças
[2/3/2013 5:53:55] Zezin: top rank
[2/3/2013 5:53:58] Lord Azzi: eu preciso sair
[2/3/2013 5:53:58] Zezin: ta 162 poh
[2/3/2013 5:53:59] Sir Lua I: Entao pode nao dá um "presente" as pessoas que já jogaram..
[2/3/2013 5:54:2] Sir Lua I: e vao perder tuod :x
[2/3/2013 5:54:4] Sir Lua I: tudo*
[2/3/2013 5:54:5] Lord Azzi: eh 162
[2/3/2013 5:54:6] Lord Azzi: 200
[2/3/2013 5:54:8] Lord Azzi: tudo igual
[2/3/2013 5:54:10] Lord Azzi: D:
[2/3/2013 5:54:13] Zezin: kkkkkkk
[2/3/2013 5:54:22] Lord Azzi: vou presentear
[2/3/2013 5:54:33] Lord Azzi: eh uma boa ideia e uma cortesia (:
[2/3/2013 5:54:37] Sir Lua I: sim :D
[2/3/2013 5:54:42] Zezin: da o uka uka
[2/3/2013 5:54:45] Zezin: pra geral
[2/3/2013 5:54:46] Zezin: kopsKPOS
[2/3/2013 5:54:52] Zezin: noix ja saber como funfa
[2/3/2013 5:54:57] Sir Lua I: HAHUAHUA
[2/3/2013 5:55:9] Sir Lua I: uka uka :D
[2/3/2013 5:57:23] Zezin: kkkkkkkkkkkkkkkkkkkkkkkkkkkk
[2/3/2013 6:15:12] Lipe Ninja: adm 
[2/3/2013 15:17:12] Veratul: azzi ?
[2/3/2013 17:36:21] Veratul: andre
[2/3/2013 18:31:38] Zezin: GM
[2/3/2013 18:34:14] Veratul: off
[2/3/2013 18:47:22] Veratul: GM :
[2/3/2013 20:1:50] Veratul: gm ?
[2/3/2013 20:2:52] Veratul: gm ?
[2/3/2013 20:28:45] Veratul: gm ?
[2/3/2013 21:6:48] Veratul: gm ?
[2/3/2013 21:21:30] Veratul: gm ?
[2/3/2013 23:0:18] Zezin: :D
[2/3/2013 23:36:48] Veratul: gm ?
[2/3/2013 23:50:34] Josafa Ciro: onde compra aol
[2/3/2013 23:52:22] Josafa Ciro: hi
[2/3/2013 23:52:23] Josafa Ciro: trade
[3/3/2013 0:14:1] Veratul: gm ?
[3/3/2013 1:43:48] Veratul: gm ?
[3/3/2013 1:57:47] Veratul: gm?
[3/3/2013 2:6:20] Veratul: gm ?
[3/3/2013 2:15:47] Veratul: gm ?
[3/3/2013 2:51:33] Veratul: gm ?
[3/3/2013 3:22:16] Veratul: gm ?
[3/3/2013 4:15:33] Veratul: gm ?
[3/3/2013 4:28:11] Veratul: gm ?
[3/3/2013 4:48:32] Veratul: gm ?
[3/3/2013 5:10:1] Veratul: gm ?
[3/3/2013 16:50:48] Veratul: gm ?
[3/3/2013 17:8:25] Veratul: gm ?
[3/3/2013 17:16:52] Veratul: gm ?
[3/3/2013 17:21:49] Veratul: gm?
[3/3/2013 17:26:34] Veratul: gm ?
[3/3/2013 17:36:56] Veratul: gm?
[3/3/2013 17:53:13] Veratul: gm?
[3/3/2013 18:2:52] Veratul: gm ?
[3/3/2013 18:5:56] Veratul: gm ?
[3/3/2013 19:29:24] Veratul: gm ?
[3/3/2013 19:55:17] Veratul: gm ?
[3/3/2013 20:56:52] Veratul: gm ?
[3/3/2013 21:23:16] Veratul: gm ?
[3/3/2013 21:33:55] Veratul: gm ?
[3/3/2013 21:38:53] Veratul: gm ?
[3/3/2013 21:45:25] Veratul: gm ?
[3/3/2013 23:44:6] Veratul: gm ?
[3/3/2013 23:48:13] Veratul: gm ?
[4/3/2013 3:56:11] Veratul: gm ?
